{
  level: 'info',
  message: 'Connected to MongoDB',
  label: 'Logged by passport-fast-config',
  timestamp: '2023-03-11T22:22:45.645Z'
}
{
  level: 'info',
  message: 'Connected to MongoDB',
  label: 'Logged by passport-fast-config',
  timestamp: '2023-03-11T22:22:45.648Z'
}
{
  level: 'info',
  message: 'Connected to MongoDB',
  label: 'Logged by passport-fast-config',
  timestamp: '2023-03-14T06:27:40.026Z'
}
{
  level: 'info',
  message: 'Connected to MongoDB',
  label: 'Logged by passport-fast-config',
  timestamp: '2023-03-14T06:27:40.040Z'
}
{
  level: 'info',
  message: 'Connected to MongoDB',
  label: 'Logged by passport-fast-config',
  timestamp: '2023-03-14T06:44:37.568Z'
}
{
  level: 'info',
  message: 'Connected to MongoDB',
  label: 'Logged by passport-fast-config',
  timestamp: '2023-03-14T06:44:37.575Z'
}
{
  level: 'info',
  message: 'Connected to MongoDB',
  label: 'Logged by passport-fast-config',
  timestamp: '2023-03-14T06:44:37.577Z'
}
{
  level: 'info',
  message: 'Connected to MongoDB',
  label: 'Logged by passport-fast-config',
  timestamp: '2023-03-14T06:45:08.158Z'
}
{
  level: 'info',
  message: 'Connected to MongoDB',
  label: 'Logged by passport-fast-config',
  timestamp: '2023-03-14T06:45:08.165Z'
}
{
  level: 'info',
  message: 'Connected to MongoDB',
  label: 'Logged by passport-fast-config',
  timestamp: '2023-03-14T06:45:08.167Z'
}
{
  level: 'info',
  message: 'Connected to MongoDB',
  label: 'Logged by passport-fast-config',
  timestamp: '2023-03-14T06:46:29.488Z'
}
{
  level: 'info',
  message: 'Connected to MongoDB',
  label: 'Logged by passport-fast-config',
  timestamp: '2023-03-14T06:46:29.494Z'
}
{
  level: 'info',
  message: 'Connected to MongoDB',
  label: 'Logged by passport-fast-config',
  timestamp: '2023-03-14T06:46:29.496Z'
}
